
=====================================
Start pick_best_card.
Start simulation of 120 worlds.
Number of 1000 nodes:
	mean:     3285.915049166675
	stddev:   3723.4392674308056
	median:   1880.711
Run time in ms:
	mean:     17481.242722191662
	stddev:   20196.340031264175
	median:   9384.6239665
Simulations took 185492ms, to do this single threaded, a simulation has to take 1545ms.
Start pick_best_card.
Start simulation of 120 worlds.
Number of 1000 nodes:
	mean:     695.3636268518528
	stddev:   826.938669574863
	median:   347.879
Run time in ms:
	mean:     2492.903934758333
	stddev:   3115.9938358743007
	median:   892.0148785
Simulations took 28167ms, to do this single threaded, a simulation has to take 234ms.
Start pick_best_card.
Start simulation of 120 worlds.
Number of 1000 nodes:
	mean:     25.358308333333344
	stddev:   20.470834605407436
	median:   13.704
Run time in ms:
	mean:     6.257916458333336
	stddev:   7.1137120540241305
	median:   3.7708585
Simulations took 70ms, to do this single threaded, a simulation has to take 0ms.
Start pick_best_card.
Start simulation of 120 worlds.
Number of 1000 nodes:
	mean:     8.783375000000007
	stddev:   8.02907339791906
	median:   6.811
Run time in ms:
	mean:     10.608488816666668
	stddev:   7.548034693603274
	median:   8.1934745
Simulations took 117ms, to do this single threaded, a simulation has to take 0ms.
Start pick_best_card.
Start simulation of 120 worlds.
Number of 1000 nodes:
	mean:     1.3268847222222218
	stddev:   0.5415989686859666
	median:   1.3050000000000002
Run time in ms:
	mean:     1.2017406
	stddev:   0.4136138169098636
	median:   1.1664075
Simulations took 14ms, to do this single threaded, a simulation has to take 0ms.
Start pick_best_card.
Start simulation of 120 worlds.
Number of 1000 nodes:
	mean:     0.9477266666666663
	stddev:   0.5609935396610715
	median:   0.928
Run time in ms:
	mean:     0.7340937166666666
	stddev:   0.3685096069811679
	median:   0.5189815
Simulations took 9ms, to do this single threaded, a simulation has to take 0ms.

Using these samples to make an informed choice now.
Time spent to do these choices: 0ms.

Total time used: 185492ms.

Current Score: 0

31   | 100.0%  99.2%  99.2% 100.0% 100.0% 100.0% 100.0% 100.0% 100.0% 100.0% 
61   |  56.7%  45.0%  44.2%  58.3%  64.2%  56.7%  45.8%  45.8%  45.8%  70.8% 
90   |   5.8%   0.0%   0.0%   2.5%   5.0%   5.8%   0.8%   0.8%   0.8%   5.0% 
avg. |  65.08  59.15  58.76  64.40  64.98  65.08  58.92  58.92  58.92  67.30 
--------------------------------------------------------
     |     SU     SO     SK     SA     H8     HU     E7     E8     E9     EU 

Recommendation: EU.
Played: EU.

Played: EO.

Played: EK.


Using these samples to make an informed choice now.
Time spent to do these choices: 0ms.

Total time used: 28167ms.

Current Score: 9

31   | 100.0% 100.0% 100.0% 100.0% 100.0% 100.0% 100.0% 100.0% 100.0% 
61   |  66.7%  50.0%  50.0%  55.8%  60.0%  66.7%  23.3%  23.3%  23.3% 
90   |   2.5%   0.0%   0.0%   1.7%   1.7%   2.5%   1.7%   1.7%   1.7% 
avg. |  66.56  61.74  61.27  63.56  64.78  66.56  55.54  55.54  55.54 
--------------------------------------------------------
     |     SU     SO     SK     SA     H8     HU     E7     E8     E9 

Recommendation: SU.
Played: HU.

Played: GU.

Played: EA.

Played: HO.

Played: HA.


Using these samples to make an informed choice now.
Time spent to do these choices: 0ms.

Total time used: 70ms.

Current Score: 9

31   | 100.0% 
61   |  94.2% 
90   |  13.3% 
avg. |  73.91 
--------------------------------------------------------
     |     H8 

Recommendation: H8.
Played: H8.

Played: HZ.


Using these samples to make an informed choice now.
Time spent to do these choices: 0ms.

Total time used: 118ms.

Current Score: 9

31   | 100.0% 100.0% 100.0%  91.7% 100.0% 100.0% 100.0% 
61   |  26.7%  15.8%  15.8%   0.0%  90.0%  90.0%  90.0% 
90   |   0.0%   0.0%   0.0%   0.0%  12.5%  12.5%  12.5% 
avg. |  58.73  55.73  55.57  41.18  72.71  72.71  72.71 
--------------------------------------------------------
     |     SU     SO     SK     SA     E7     E8     E9 

Recommendation: E7.
Played: E7.

Played: EZ.

Played: GO.

Played: GA.


Using these samples to make an informed choice now.
Time spent to do these choices: 0ms.

Total time used: 14ms.

Current Score: 9

31   | 100.0% 100.0% 100.0%  36.7% 100.0% 100.0% 
61   |  10.8%   0.0%   0.0%   0.0%  10.8%  10.8% 
90   |   0.0%   0.0%   0.0%   0.0%   0.0%   0.0% 
avg. |  56.12  41.02  40.91  27.73  56.12  56.12 
--------------------------------------------------------
     |     SU     SO     SK     SA     E8     E9 

Recommendation: SU.
Played: E8.


Using these samples to make an informed choice now.
Time spent to do these choices: 0ms.

Total time used: 9ms.

Current Score: 23

31   | 100.0% 100.0% 100.0% 100.0% 100.0% 
61   |  10.8%   0.0%   0.0%  10.8%  10.8% 
90   |   0.0%   0.0%   0.0%   0.0%   0.0% 
avg. |  55.73  54.33  54.13  55.73  55.73 
--------------------------------------------------------
     |     SU     SO     SK     SA     E9 

Recommendation: SU.

Thank you for using muskat.