
=====================================
Start pick_best_card.
Start simulation of 1000 worlds.
Number of 1000 nodes:
	mean:     1624.4220390000014
	stddev:   1705.6330681251727
	median:   1093.462
Run time in ms:
	mean:     796.1035461239986
	stddev:   1009.3074879157008
	median:   473.9857285
Simulations took 67360ms, to do this single threaded, a simulation has to take 67ms.
Start pick_best_card.
Start simulation of 1000 worlds.
Number of 1000 nodes:
	mean:     1672.1059360000004
	stddev:   1735.7046881746576
	median:   1108.7440000000001
Run time in ms:
	mean:     840.038103262
	stddev:   1050.9199661355428
	median:   482.96491000000003
Simulations took 71441ms, to do this single threaded, a simulation has to take 71ms.
Start pick_best_card.
Start simulation of 1000 worlds.
Number of 1000 nodes:
	mean:     114.20463900000016
	stddev:   88.40929930327457
	median:   98.236
Run time in ms:
	mean:     29.065308937999983
	stddev:   28.816801633922555
	median:   21.478476
Simulations took 2528ms, to do this single threaded, a simulation has to take 2ms.
Start pick_best_card.
Start simulation of 1000 worlds.
Number of 1000 nodes:
	mean:     43.219593
	stddev:   29.267651728881056
	median:   38.058
Run time in ms:
	mean:     9.612436531999982
	stddev:   7.215317063746954
	median:   8.0025515
Simulations took 858ms, to do this single threaded, a simulation has to take 0ms.
Start pick_best_card.
Start simulation of 1000 worlds.
Number of 1000 nodes:
	mean:     6.042982
	stddev:   3.553877997976366
	median:   5.434
Run time in ms:
	mean:     1.3171740090000017
	stddev:   0.7447277216675382
	median:   1.1433105
Simulations took 129ms, to do this single threaded, a simulation has to take 0ms.
Start pick_best_card.
Start simulation of 1000 worlds.
Number of 1000 nodes:
	mean:     1.4457590000000005
	stddev:   0.759792871858592
	median:   1.348
Run time in ms:
	mean:     0.2993444069999996
	stddev:   0.20406017234728274
	median:   0.2595925
Simulations took 36ms, to do this single threaded, a simulation has to take 0ms.
Start pick_best_card.
Start simulation of 1000 worlds.
Number of 1000 nodes:
	mean:     0.32110200000000033
	stddev:   0.13897857619302564
	median:   0.312
Run time in ms:
	mean:     0.06413791800000009
	stddev:   0.07874367005253576
	median:   0.0628345
Simulations took 10ms, to do this single threaded, a simulation has to take 0ms.
Start pick_best_card.
Start simulation of 1000 worlds.
Number of 1000 nodes:
	mean:     0.11258199999999959
	stddev:   0.03044779703598186
	median:   0.105
Run time in ms:
	mean:     0.02228971299999996
	stddev:   0.01167926690040784
	median:   0.0221605
Simulations took 5ms, to do this single threaded, a simulation has to take 0ms.
Start pick_best_card.
Start simulation of 1000 worlds.
Number of 1000 nodes:
	mean:     0.019116
	stddev:   0.001593450056664184
	median:   0.019
Run time in ms:
	mean:     0.004885225000000005
	stddev:   0.0005770482996380053
	median:   0.0049245
Simulations took 2ms, to do this single threaded, a simulation has to take 0ms.
Start pick_best_card.
Start simulation of 1000 worlds.
Number of 1000 nodes:
	mean:     0.004000000000000003
	stddev:   2.6033872331680125e-18
	median:   0.004
Run time in ms:
	mean:     0.0015525170000000024
	stddev:   0.0004007117225582444
	median:   0.0016635
Simulations took 1ms, to do this single threaded, a simulation has to take 0ms.

Asserts active.
Played: G9.

Played: G8.


Using these samples to make an informed choice now.
Time spent to do these choices: 0ms.

Total time used: 67360ms.

Current Score: 0

<31  |  63.7%  58.4% 
<61  |  92.6%  90.5% 
<90  |  99.1%  99.2% 
avg. |  27.35  29.83 
--------------------------------------------------------
     |     G7     GA 

Recommendation: G7.
Played: GA.


Using these samples to make an informed choice now.
Time spent to do these choices: 0ms.

Total time used: 71441ms.

Current Score: 0

<31  |  45.5%  46.4%  46.0%  35.3%  35.3%  56.4%  56.3%  47.1%  48.1% 
<61  |  87.9%  88.3%  88.6%  82.7%  82.7%  88.5%  88.7%  88.3%  86.8% 
<90  |  99.0%  99.0%  98.9%  97.4%  97.4%  99.1%  99.1%  99.1%  98.8% 
avg. |  35.01  34.88  35.11  40.46  40.41  31.52  31.57  34.06  34.42 
--------------------------------------------------------
     |     S9     SO     SK     H7     H9     HZ     HA     G7     EO 

Recommendation: HA.
Played: G7.

Played: GO.

Played: EZ.

Played: HU.


Using these samples to make an informed choice now.
Time spent to do these choices: 0ms.

Total time used: 2528ms.

Current Score: 13

<31  |  24.7% 
<61  |  72.9% 
<90  |  96.9% 
avg. |  46.49 
--------------------------------------------------------
     |     EO 

Recommendation: EO.
Played: EO.

Played: SU.

Played: GU.


Using these samples to make an informed choice now.
Time spent to do these choices: 0ms.

Total time used: 858ms.

Current Score: 20

<31  |  16.7%  14.7%  14.7%  17.1%  17.0%   9.8%   9.8% 
<61  |  64.2%  64.4%  63.9%  65.7%  65.7%  56.5%  55.7% 
<90  |  94.8%  94.9%  94.9%  95.5%  95.5%  95.5%  95.2% 
avg. |  52.62  52.68  53.08  52.00  52.03  55.78  56.26 
--------------------------------------------------------
     |     S9     SO     SK     H7     H9     HZ     HA 

Recommendation: H7.
Played: H7.

Played: E9.

Played: EU.


Using these samples to make an informed choice now.
Time spent to do these choices: 0ms.

Total time used: 129ms.

Current Score: 22

<31  |  12.3%   9.6%   9.6%  12.5%   0.0%   0.0% 
<61  |  59.7%  57.9%  57.9%  60.5%  45.7%  45.0% 
<90  |  92.6%  92.6%  92.6%  93.7%  93.7%  93.7% 
avg. |  56.54  57.38  58.10  55.79  62.71  63.60 
--------------------------------------------------------
     |     S9     SO     SK     H9     HZ     HA 

Recommendation: H9.
Played: S9.

Played: EA.

Played: E7.


Using these samples to make an informed choice now.
Time spent to do these choices: 0ms.

Total time used: 36ms.

Current Score: 35

<31  |   0.0%   0.0%   0.0%   0.0%   0.0% 
<61  |  60.0%  59.9%  58.3%  59.1%  58.3% 
<90  |  92.2%  92.2%  93.5%  95.0%  95.0% 
avg. |  57.11  57.06  57.44  56.76  57.02 
--------------------------------------------------------
     |     SO     SK     H9     HZ     HA 

Recommendation: SO.
Played: SO.

Played: H8.

Played: HO.


Using these samples to make an informed choice now.
Time spent to do these choices: 0ms.

Total time used: 10ms.

Current Score: 38

<31  |   0.0%   0.0%   0.0% 
<61  |  13.2%  60.0%  60.0% 
<90  |  79.6%  97.5%  97.5% 
avg. |  74.48  59.76  59.21 
--------------------------------------------------------
     |     H9     HZ     HA 

Recommendation: HA.
Played: HA.

Played: GZ.


Using these samples to make an informed choice now.
Time spent to do these choices: 0ms.

Total time used: 5ms.

Current Score: 38

<31  |   0.0%   0.0%   0.0% 
<61  |  69.2%  28.2%  74.7% 
<90  | 100.0% 100.0% 100.0% 
avg. |  56.52  67.51  53.63 
--------------------------------------------------------
     |     SK     H9     HZ 

Recommendation: HZ.
Played: HZ.

Played: SA.

Played: HK.


Using these samples to make an informed choice now.
Time spent to do these choices: 0ms.

Total time used: 2ms.

Current Score: 38

<31  |   0.0%   0.0% 
<61  | 100.0% 100.0% 
<90  | 100.0% 100.0% 
avg. |  48.43  50.66 
--------------------------------------------------------
     |     SK     H9 

Recommendation: SK.
Played: SK.

Played: S8.

Played: E8.

Played: EK.


Using these samples to make an informed choice now.
Time spent to do these choices: 0ms.

Total time used: 1ms.

Current Score: 42

<31  |   0.0% 
<61  | 100.0% 
<90  | 100.0% 
avg. |  50.56 
--------------------------------------------------------
     |     H9 

Recommendation: H9.
Played: H9.

Played: S7.


Thank you for using muskat.