
=====================================
Start pick_best_card.
Start simulation of 1000 worlds.
Number of 1000 nodes:
	mean:     998.2164199999988
	stddev:   1062.3486306162893
	median:   675.8005
Run time in ms:
	mean:     894.9587996499993
	stddev:   1151.272864819463
	median:   514.0002935
Simulations took 75753ms, to do this single threaded, a simulation has to take 75ms.
Start pick_best_card.
Start simulation of 1000 worlds.
Number of 1000 nodes:
	mean:     419.19382333333544
	stddev:   520.606032110044
	median:   254.803
Run time in ms:
	mean:     1486.5163948720012
	stddev:   1957.5755425502482
	median:   830.5171315
Simulations took 126128ms, to do this single threaded, a simulation has to take 126ms.
Start pick_best_card.
Start simulation of 1000 worlds.
Number of 1000 nodes:
	mean:     114.20463900000016
	stddev:   88.40929930327457
	median:   98.236
Run time in ms:
	mean:     29.720760757000033
	stddev:   28.84217420901741
	median:   21.9226825
Simulations took 2556ms, to do this single threaded, a simulation has to take 2ms.
Start pick_best_card.
Start simulation of 1000 worlds.
Number of 1000 nodes:
	mean:     14.726120285714321
	stddev:   10.52551959789377
	median:   12.7485
Run time in ms:
	mean:     20.987210432
	stddev:   14.844326720965714
	median:   17.8611405
Simulations took 1815ms, to do this single threaded, a simulation has to take 1ms.
Start pick_best_card.
Start simulation of 1000 worlds.
Number of 1000 nodes:
	mean:     1.9385653333333324
	stddev:   1.256876616539227
	median:   1.749
Run time in ms:
	mean:     2.4562165970000005
	stddev:   1.5553365397274537
	median:   2.2261695
Simulations took 224ms, to do this single threaded, a simulation has to take 0ms.
Start pick_best_card.
Start simulation of 1000 worlds.
Number of 1000 nodes:
	mean:     0.48141300000000153
	stddev:   0.26700491597727405
	median:   0.45
Run time in ms:
	mean:     0.4915038749999999
	stddev:   0.4091504118828163
	median:   0.4363805
Simulations took 54ms, to do this single threaded, a simulation has to take 0ms.
Start pick_best_card.
Start simulation of 1000 worlds.
Number of 1000 nodes:
	mean:     0.1372290000000003
	stddev:   0.0622300577349501
	median:   0.129
Run time in ms:
	mean:     0.07837328199999997
	stddev:   0.0640600466526494
	median:   0.0772855
Simulations took 12ms, to do this single threaded, a simulation has to take 0ms.
Start pick_best_card.
Start simulation of 1000 worlds.
Number of 1000 nodes:
	mean:     0.04453466666666743
	stddev:   0.016907180401788017
	median:   0.042
Run time in ms:
	mean:     0.026096108999999975
	stddev:   0.007812312342979084
	median:   0.0256995
Simulations took 5ms, to do this single threaded, a simulation has to take 0ms.
Start pick_best_card.
Start simulation of 1000 worlds.
Number of 1000 nodes:
	mean:     0.011057999999999932
	stddev:   0.002249036478703984
	median:   0.012
Run time in ms:
	mean:     0.007593123999999994
	stddev:   0.0412288244051714
	median:   0.0055305
Simulations took 3ms, to do this single threaded, a simulation has to take 0ms.
Start pick_best_card.
Start simulation of 1000 worlds.
Number of 1000 nodes:
	mean:     0.004000000000000003
	stddev:   2.6033872331680125e-18
	median:   0.004
Run time in ms:
	mean:     0.0017322980000000004
	stddev:   0.0002828213944119807
	median:   0.0017545
Simulations took 1ms, to do this single threaded, a simulation has to take 0ms.

Asserts active.
Played: G9.

Played: G8.


Using these samples to make an informed choice now.
Time spent to do these choices: 0ms.

Total time used: 75753ms.

Current Score: 0

<31  |  63.7%  58.4% 
<61  |  92.6%  90.5% 
<90  |  99.1%  99.2% 
avg. |  27.35  29.83 
--------------------------------------------------------
     |     G7     GA 

Recommendation: G7.
Played: GA.


Using these samples to make an informed choice now.
Time spent to do these choices: 0ms.

Total time used: 126128ms.

Current Score: 0

<31  |  45.5%  46.4%  46.0%  35.3%  35.3%  56.4%  56.3%  47.1%  48.1% 
<61  |  87.9%  88.3%  88.6%  82.7%  82.7%  88.5%  88.7%  88.3%  86.8% 
<90  |  99.0%  99.0%  98.9%  97.4%  97.4%  99.1%  99.1%  99.1%  98.8% 
avg. |  35.01  34.88  35.11  40.46  40.41  31.52  31.57  34.06  34.42 
--------------------------------------------------------
     |     S9     SO     SK     H7     H9     HZ     HA     G7     EO 

Recommendation: HA.
Played: G7.

Played: GO.

Played: EZ.

Played: HU.


Using these samples to make an informed choice now.
Time spent to do these choices: 0ms.

Total time used: 2556ms.

Current Score: 13

<31  |  24.7% 
<61  |  72.9% 
<90  |  96.9% 
avg. |  46.49 
--------------------------------------------------------
     |     EO 

Recommendation: EO.
Played: EO.

Played: SU.

Played: GU.


Using these samples to make an informed choice now.
Time spent to do these choices: 0ms.

Total time used: 1815ms.

Current Score: 20

<31  |  16.7%  14.7%  14.7%  17.1%  17.0%   9.8%   9.8% 
<61  |  64.2%  64.4%  63.9%  65.7%  65.7%  56.5%  55.7% 
<90  |  94.8%  94.9%  94.9%  95.5%  95.5%  95.5%  95.2% 
avg. |  52.62  52.68  53.08  52.00  52.03  55.78  56.26 
--------------------------------------------------------
     |     S9     SO     SK     H7     H9     HZ     HA 

Recommendation: H7.
Played: H7.

Played: E9.

Played: EU.


Using these samples to make an informed choice now.
Time spent to do these choices: 0ms.

Total time used: 224ms.

Current Score: 22

<31  |  12.3%   9.6%   9.6%  12.5%   0.0%   0.0% 
<61  |  59.7%  57.9%  57.9%  60.5%  45.7%  45.0% 
<90  |  92.6%  92.6%  92.6%  93.7%  93.7%  93.7% 
avg. |  56.54  57.38  58.10  55.79  62.71  63.60 
--------------------------------------------------------
     |     S9     SO     SK     H9     HZ     HA 

Recommendation: H9.
Played: S9.

Played: EA.

Played: E7.


Using these samples to make an informed choice now.
Time spent to do these choices: 0ms.

Total time used: 54ms.

Current Score: 35

<31  |   0.0%   0.0%   0.0%   0.0%   0.0% 
<61  |  60.0%  59.9%  58.3%  59.1%  58.3% 
<90  |  92.2%  92.2%  93.5%  95.0%  95.0% 
avg. |  57.11  57.06  57.44  56.76  57.02 
--------------------------------------------------------
     |     SO     SK     H9     HZ     HA 

Recommendation: SO.
Played: SO.

Played: H8.

Played: HO.


Using these samples to make an informed choice now.
Time spent to do these choices: 0ms.

Total time used: 12ms.

Current Score: 38

<31  |   0.0%   0.0%   0.0% 
<61  |  13.2%  60.0%  60.0% 
<90  |  79.6%  97.5%  97.5% 
avg. |  74.48  59.76  59.21 
--------------------------------------------------------
     |     H9     HZ     HA 

Recommendation: HA.
Played: HA.

Played: GZ.


Using these samples to make an informed choice now.
Time spent to do these choices: 0ms.

Total time used: 5ms.

Current Score: 38

<31  |   0.0%   0.0%   0.0% 
<61  |  69.2%  28.2%  74.7% 
<90  | 100.0% 100.0% 100.0% 
avg. |  56.52  67.51  53.63 
--------------------------------------------------------
     |     SK     H9     HZ 

Recommendation: HZ.
Played: HZ.

Played: SA.

Played: HK.


Using these samples to make an informed choice now.
Time spent to do these choices: 0ms.

Total time used: 3ms.

Current Score: 38

<31  |   0.0%   0.0% 
<61  | 100.0% 100.0% 
<90  | 100.0% 100.0% 
avg. |  48.43  50.66 
--------------------------------------------------------
     |     SK     H9 

Recommendation: SK.
Played: SK.

Played: S8.

Played: E8.

Played: EK.


Using these samples to make an informed choice now.
Time spent to do these choices: 0ms.

Total time used: 1ms.

Current Score: 42

<31  |   0.0% 
<61  | 100.0% 
<90  | 100.0% 
avg. |  50.56 
--------------------------------------------------------
     |     H9 

Recommendation: H9.
Played: H9.

Played: S7.


Thank you for using muskat.