
=====================================
Start pick_best_card.
Creation of the rng took 341us.
Creation of the uniform sit distribution took 288us.
Sampling of 1000 situations took 657us.
Start pick_best_card.
Creation of the rng took 340us.
Creation of the uniform sit distribution took 261us.
Sampling of 1000 situations took 654us.
Start pick_best_card.
Creation of the rng took 329us.
Creation of the uniform sit distribution took 66us.
Sampling of 1000 situations took 510us.
Start pick_best_card.
Creation of the rng took 327us.
Creation of the uniform sit distribution took 50us.
Sampling of 1000 situations took 485us.
Start pick_best_card.
Creation of the rng took 329us.
Creation of the uniform sit distribution took 36us.
Sampling of 1000 situations took 436us.
Start pick_best_card.
Creation of the rng took 327us.
Creation of the uniform sit distribution took 22us.
Sampling of 1000 situations took 384us.
Start pick_best_card.
Creation of the rng took 328us.
Creation of the uniform sit distribution took 10us.
Sampling of 1000 situations took 338us.
Start pick_best_card.
Creation of the rng took 326us.
Creation of the uniform sit distribution took 6us.
Sampling of 1000 situations took 297us.
Start pick_best_card.
Creation of the rng took 327us.
Creation of the uniform sit distribution took 4us.
Sampling of 1000 situations took 268us.
Start pick_best_card.
Creation of the rng took 333us.
Creation of the uniform sit distribution took 1us.
Sampling of 1000 situations took 157us.