
=====================================

Start pick_best_card with 1000 iterations.
Creation of the uniform sit distribution took 51us.
Have 184756 possible situations, spread over 140 different color distributions.
Sampling of 1000 situations took 1015us.
Number of 1000 nodes:
	mean:       755
	median:     376
	max:      10790
Run time in ms:
	mean:      1669
	median:     563
	max:      39743
Time to finished 1000 tasks with 12 threads: 143.9s
	-> effective time per task: 1727ms

Start pick_best_card with 1000 iterations.
Creation of the uniform sit distribution took 38us.
Have 48620 possible situations, spread over 100 different color distributions.
Sampling of 1000 situations took 988us.
Number of 1000 nodes:
	mean:       179
	median:      97
	max:       1447
Run time in ms:
	mean:       299
	median:     123
	max:       4409
Time to finished 1000 tasks with 12 threads: 25.5s
	-> effective time per task: 306ms

Start pick_best_card with 1000 iterations.
Creation of the uniform sit distribution took 15us.
Have 3432 possible situations, spread over 38 different color distributions.
Sampling of 1000 situations took 874us.
Number of 1000 nodes:
	mean:         3
	median:       1
	max:         27
Run time in ms:
	mean:         3
	median:       2
	max:         33
Time to finished 1000 tasks with 12 threads: 0.3s
	-> effective time per task: 3ms

Start pick_best_card with 1000 iterations.
Creation of the uniform sit distribution took 7us.
Have 1716 possible situations, spread over 29 different color distributions.
Sampling of 1000 situations took 471us.
Number of 1000 nodes:
	mean:         5
	median:       4
	max:         22
Run time in ms:
	mean:         5
	median:       4
	max:         38
Time to finished 1000 tasks with 12 threads: 0.4s
	-> effective time per task: 5ms

Start pick_best_card with 1000 iterations.
Creation of the uniform sit distribution took 4us.
Have 56 possible situations, spread over 4 different color distributions.
Sampling of 1000 situations took 443us.
Number of 1000 nodes:
	mean:         1
	median:       1
	max:          2
Run time in ms:
	mean:         1
	median:       0
	max:          8
Time to finished 1000 tasks with 12 threads: 0.1s
	-> effective time per task: 1ms

Start pick_best_card with 1000 iterations.
Creation of the uniform sit distribution took 3us.
Have 56 possible situations, spread over 4 different color distributions.
Sampling of 1000 situations took 469us.
Number of 1000 nodes:
	mean:         0
	median:       0
	max:          1
Run time in ms:
	mean:         0
	median:       0
	max:          9
Time to finished 1000 tasks with 12 threads: 0.0s
	-> effective time per task: 0ms