==========================================
Performance of getting IsWon of 100 samples:
Number of 1000 nodes:
	mean: 44
	median: 3
	max: 833
Time spend in ms:
	mean: 6
	median: 0
	max: 109
Mean duration per node: 135ns

Hash in: 17575038338139922089

Hash won: 12428537979773323644
==========================================
Performance of getting Conclusion of 100 samples:
Number of 1000 nodes:
	mean: 231
	median: 100
	max: 2188
Time spend in ms:
	mean: 31
	median: 13
	max: 304
Mean duration per node: 133ns

Hash in: 17575038338139922089

Hash won: 12428537979773323644
Hash conclusion: 4145872674780928481
==========================================
Performance of getting Yield of 100 samples:
Number of 1000 nodes:
	mean: 1047
	median: 469
	max: 11890
Time spend in ms:
	mean: 151
	median: 64
	max: 2038
Mean duration per node: 144ns

Hash in: 17575038338139922089

Hash won: 12428537979773323644
Hash conclusion: 4145872674780928481
Hash yield: 2591621028630841349

//////////

==========================================
Performance of getting IsWon of 100 samples:
Number of 1000 nodes:
	mean: 72
	median: 3
	max: 1575
Time spend in ms:
	mean: 10
	median: 0
	max: 215
Mean duration per node: 134ns

Hash in: 17575038338139922089

Hash won: 16747943433204923367
==========================================
Performance of getting Conclusion of 100 samples:
Number of 1000 nodes:
	mean: 843
	median: 396
	max: 6347
Time spend in ms:
	mean: 115
	median: 52
	max: 842
Mean duration per node: 137ns

Hash in: 17575038338139922089

Hash won: 16747943433204923367
Hash conclusion: 9089143242566064017
==========================================
Performance of getting Yield of 100 samples:
Number of 1000 nodes:
	mean: 2321
	median: 1271
	max: 19815
Time spend in ms:
	mean: 321
	median: 165
	max: 2972
Mean duration per node: 138ns

Hash in: 17575038338139922089

Hash won: 16747943433204923367
Hash conclusion: 9089143242566064017
Hash yield: 8351463202146766343
