==========================================
Performance of getting IsWon of 1000 samples:
Number of 1000 nodes:
	mean: 32
	median: 0
	max: 5321
Time spend in ms:
	mean: 4
	median: 0
	max: 660
Mean duration per node: 123ns

Hash in: 4257708388493276702

Hash won: 5226074986380619194
==========================================
Performance of getting Conclusion of 1000 samples:
Number of 1000 nodes:
	mean: 72
	median: 0
	max: 8545
Time spend in ms:
	mean: 9
	median: 0
	max: 1184
Mean duration per node: 129ns

Hash in: 4257708388493276702

Hash won: 5226074986380619194
Hash conclusion: 5320211088945260650
==========================================
Performance of getting Yield of 1000 samples:
Number of 1000 nodes:
	mean: 330
	median: 1
	max: 41922
Time spend in ms:
	mean: 42
	median: 0
	max: 5804
Mean duration per node: 127ns

Hash in: 4257708388493276702

Hash won: 5226074986380619194
Hash conclusion: 5320211088945260650
Hash yield: 10402408617290177324

//////////

==========================================
Performance of getting IsWon of 1000 samples:
Number of 1000 nodes:
	mean: 52
	median: 0
	max: 5304
Time spend in ms:
	mean: 6
	median: 0
	max: 650
Mean duration per node: 123ns

Hash in: 4257708388493276702

Hash won: 5511113995747167311
==========================================
Performance of getting Conclusion of 1000 samples:
Number of 1000 nodes:
	mean: 112
	median: 0
	max: 9388
Time spend in ms:
	mean: 14
	median: 0
	max: 1276
Mean duration per node: 125ns

Hash in: 4257708388493276702

Hash won: 5511113995747167311
Hash conclusion: 1286093508480236060
==========================================
Performance of getting Yield of 1000 samples:
Number of 1000 nodes:
	mean: 538
	median: 1
	max: 46326
Time spend in ms:
	mean: 68
	median: 0
	max: 6308
Mean duration per node: 126ns

Hash in: 4257708388493276702

Hash won: 5511113995747167311
Hash conclusion: 1286093508480236060
Hash yield: 15282672878047050273
