Played: G9
Played: G8
-------------------------------------------
sampling from 24 possible deals [coming from 9237800 with 531 color distributions]
card |     G7     GA
avg. |  32.88  35.21
nlb  |  91.7%  95.8%
nls  |  50.0%  58.3%
w    |   8.3%   8.3%
ws   |   4.2%   0.0%
game | -66.00 -63.50
Played: GA
-------------------------------------------
sampling from 24 possible deals [coming from 9237800 with 531 color distributions]
card |     S9     SO     SK     H7     H9     HZ     HA     G7     EO
avg. |  37.50  37.46  37.67  42.67  42.67  34.67  34.67  38.42  39.29
nlb  |  95.8%  95.8%  95.8% 100.0% 100.0%  95.8%  95.8%  95.8%  95.8%
nls  |  66.7%  66.7%  66.7%  66.7%  66.7%  58.3%  58.3%  66.7%  70.8%
w    |  12.5%  12.5%  12.5%  20.8%  20.8%  12.5%  12.5%  16.7%  16.7%
game | -59.00 -59.00 -59.00 -46.00 -46.00 -55.00 -55.00 -50.00 -49.00
Played: G7
Played: GO
Played: EZ
Played: HU
-------------------------------------------
sampling from 24 possible deals [coming from 289575 with 155 color distributions]
card |     EO
avg. |  57.88
nls  |  95.8%
w    |  37.5%
ws   |  12.5%
game | -19.00
Played: EO
Played: SU
Played: GU
-------------------------------------------
sampling from 24 possible deals [coming from 61776 with 147 color distributions]
card |     S9     SO     SK     H7     H9     HZ     HA
avg. |  55.46  55.25  55.50  54.38  54.50  59.08  59.54
nls  |  91.7%  91.7%  91.7%  91.7%  91.7%  95.8%  95.8%
w    |  33.3%  33.3%  33.3%  33.3%  33.3%  41.7%  41.7%
ws   |   8.3%   8.3%   8.3%   8.3%   8.3%   8.3%   8.3%
game | -31.00 -31.00 -31.00 -31.00 -31.00 -18.00 -18.00
Played: H7
Played: E9
Played: EU
-------------------------------------------
sampling from 24 possible deals [coming from 12936 with 122 color distributions]
card |     S9     SO     SK     H9     HZ     HA
avg. |  73.00  73.75  74.25  70.71  74.71  75.50
nls  |  95.8%  95.8% 100.0%  95.8% 100.0% 100.0%
w    |  75.0%  75.0%  75.0%  66.7%  70.8%  70.8%
ws   |  25.0%  25.0%  25.0%  20.8%  20.8%  20.8%
game |  14.00  14.00  15.00   1.50   8.50   8.50
Played: S9
Played: EA
Played: E7
-------------------------------------------
sampling from 2646 possible deals [coming from 2646 with 77 color distributions]
card |     SO     SK     H9     HZ     HA
avg. |  65.63  65.58  65.96  65.53  65.78
w    |  49.5%  49.7%  55.1%  56.5%  57.2%
ws   |  14.9%  14.9%  12.5%   9.8%   9.8%
game | -22.93 -22.71 -15.21 -13.41 -12.43
Played: SO
Played: H8
Played: HO
-------------------------------------------
sampling from 185 possible deals [coming from 185 with 15 color distributions]
card |     H9     HZ     HA
avg. |  83.10  69.10  68.52
w    |  93.5%  65.4%  63.8%
ws   |  31.4%  18.4%  18.4%
game |  42.42   0.39  -1.95
Played: HA
Played: GZ
-------------------------------------------
sampling from 76 possible deals [coming from 76 with 8 color distributions]
card |     SK     H9     HZ
avg. |  63.30  74.33  60.25
w    |  57.9%  80.3%  47.4%
game | -12.63  19.58 -27.79
Played: HZ
Played: SA
Played: HK
-------------------------------------------
sampling from 27 possible deals [coming from 27 with 5 color distributions]
card |     SK     H9
avg. |  54.59  56.67
res. | DeclarerIsDominated DeclarerIsDominated
game | -96.00 -96.00
Played: SK
Played: S8
Played: E8
Played: EK
-------------------------------------------
sampling from 3 possible deals [coming from 3 with 2 color distributions]
card |     H9
avg. |  60.00
res. | DeclarerIsDominated
game | -96.00
Played: H9
Played: S7
Analysis done.
