-------------------------------------------
sampling from 1 possible deals [coming from 184756 with 140 color distributions]
card |     SO     SK     SA     H8     E7     E8     E9     SU     HU     EU
avg. |  25.00  25.00  54.00  45.00  39.00  39.00  39.00  53.00  53.00  58.00
res. | DeclarerIsSchneider DeclarerIsSchneider DeclarerIsDominated DeclarerIsDominated DeclarerIsDominated DeclarerIsDominated DeclarerIsDominated DeclarerIsDominated DeclarerIsDominated DeclarerIsDominated
game | -72.00 -72.00 -48.00 -48.00 -48.00 -48.00 -48.00 -48.00 -48.00 -48.00
Played: EU
Played: EO
Played: EK
-------------------------------------------
sampling from 1 possible deals [coming from 48620 with 100 color distributions]
card |     SO     SK     SA     H8     E7     E8     E9     SU     HU
avg. |  72.00  71.00  72.00  72.00  52.00  52.00  52.00  72.00  72.00
res. | DefendersAreDominated DefendersAreDominated DefendersAreDominated DefendersAreDominated DeclarerIsDominated DeclarerIsDominated DeclarerIsDominated DefendersAreDominated DefendersAreDominated
game |  24.00  24.00  24.00  24.00 -48.00 -48.00 -48.00  24.00  24.00
Played: HU
Played: GU
Played: EA
Played: HO
Played: HA
-------------------------------------------
sampling from 3432 possible deals [coming from 3432 with 38 color distributions]
card |     H8
avg. |  73.54
w    |  93.1%
ws   |  11.5%
game |  20.40
Played: H8
Played: HZ
-------------------------------------------
sampling from 1716 possible deals [coming from 1716 with 29 color distributions]
card |     SO     SK     SA     E7     E8     E9     SU
avg. |  56.14  56.00  41.69  72.76  72.76  72.76  58.34
nls  | 100.0% 100.0%  94.4% 100.0% 100.0% 100.0% 100.0%
w    |  16.0%  16.0%   0.0%  89.3%  89.3%  89.3%  22.2%
ws   |   0.0%   0.0%   0.0%  10.7%  10.7%  10.7%   0.0%
game | -36.46 -36.50 -49.34  17.57  17.57  17.57 -32.01
Played: E7
Played: EZ
Played: GO
Played: GA
-------------------------------------------
sampling from 56 possible deals [coming from 56 with 4 color distributions]
card |     SO     SK     SA     E8     E9     SU
avg. |  41.25  41.12  27.45  56.16  56.16  56.16
nls  | 100.0% 100.0%  33.9% 100.0% 100.0% 100.0%
w    |   0.0%   0.0%   0.0%  12.5%  12.5%  12.5%
game | -48.00 -48.00 -63.86 -39.00 -39.00 -39.00
Played: E8
-------------------------------------------
sampling from 56 possible deals [coming from 56 with 4 color distributions]
card |     SO     SK     SA     E9     SU
avg. |  54.16  53.98  55.79  55.79  55.79
w    |   0.0%   0.0%  12.5%  12.5%  12.5%
game | -48.00 -48.00 -39.00 -39.00 -39.00
Analysis done.
