sampling from 24 possible deals
Number of 1000 nodes::
	mean: 1095984.5833333333
	median: 357906.5
	max: 5216849
Time spend in ms::
	mean: 8140.370119291667
	median: 1402.1048765
	max: 51571.853455000004
card |     SU     SO     SK     SA     H8     HU     E7     E8     E9     EU
avg. |  64.29  58.42  58.12  64.00  65.50  64.29  60.71  60.71  60.71  67.83
w    |  58.3%  37.5%  37.5%  54.2%  70.8%  58.3%  54.2%  54.2%  54.2%  70.8%
ws   |   0.0%   0.0%   0.0%   0.0%   0.0%   0.0%   0.0%   0.0%   0.0%   4.2%
game |  -6.00 -21.00 -21.00  -9.00   3.00  -6.00  -9.00  -9.00  -9.00   3.50
Played: EU
Played: EO
Played: EK
sampling from 24 possible deals
Number of 1000 nodes::
	mean: 192537.875
	median: 72554.5
	max: 1266598
Time spend in ms::
	mean: 989.8754201250002
	median: 365.6071465
	max: 6016.313138
card |     SU     SO     SK     SA     H8     HU     E7     E8     E9
avg. |  66.88  61.83  61.38  64.83  65.54  66.88  52.50  52.50  52.50
w    |  70.8%  58.3%  58.3%  62.5%  66.7%  70.8%  20.8%  20.8%  20.8%
ws   |   8.3%   0.0%   0.0%   8.3%   8.3%   8.3%   0.0%   0.0%   0.0%
game |   4.00  -6.00  -6.00  -2.00   1.00   4.00 -33.00 -33.00 -33.00
Played: HU
Played: GU
Played: EA
Played: HO
Played: HA
sampling from 3432 possible deals
Number of 1000 nodes::
	mean: 2909.6678321678323
	median: 1326
	max: 26626
Time spend in ms::
	mean: 8.288047017191134
	median: 3.1790455
	max: 120.318618
card |     H8
avg. |  73.54
w    |  93.1%
ws   |  11.5%
game |  20.40
Played: H8
Played: HZ
sampling from 1716 possible deals
Number of 1000 nodes::
	mean: 5149.67365967366
	median: 4285
	max: 22486
Time spend in ms::
	mean: 15.742980209207452
	median: 12.853614499999999
	max: 132.58091
card |     SU     SO     SK     SA     E7     E8     E9
avg. |  58.34  56.14  56.00  41.69  72.76  72.76  72.76
nls  | 100.0% 100.0% 100.0%  94.4% 100.0% 100.0% 100.0%
w    |  22.2%  16.0%  16.0%   0.0%  89.3%  89.3%  89.3%
ws   |   0.0%   0.0%   0.0%   0.0%  10.7%  10.7%  10.7%
game | -32.01 -36.46 -36.50 -49.34  17.57  17.57  17.57
Played: E7
Played: EZ
Played: GO
Played: GA
sampling from 56 possible deals
Number of 1000 nodes::
	mean: 763.375
	median: 709
	max: 2039
Time spend in ms::
	mean: 1.7527146428571432
	median: 1.33513
	max: 5.56993
card |     SU     SO     SK     SA     E8     E9
avg. |  56.16  41.25  41.12  27.45  56.16  56.16
nls  | 100.0% 100.0% 100.0%  33.9% 100.0% 100.0%
w    |  12.5%   0.0%   0.0%   0.0%  12.5%  12.5%
game | -39.00 -48.00 -48.00 -63.86 -39.00 -39.00
Played: E8
sampling from 56 possible deals
Number of 1000 nodes::
	mean: 478.30357142857144
	median: 369
	max: 989
Time spend in ms::
	mean: 0.9541161785714286
	median: 0.6843684999999999
	max: 2.174472
card |     SU     SO     SK     SA     E9
avg. |  55.79  54.16  53.98  55.79  55.79
w    |  12.5%   0.0%   0.0%  12.5%  12.5%
game | -39.00 -48.00 -48.00 -39.00 -39.00
Analysis done.
