-------------------------------------------
sampling 1 sample deals took 27.401µs
multithreaded solving of 1 sample deals took 10.822674555s
Number of 1000 nodes:
	mean: 22384
	median: 22384
	max: 22384
Time spend in ms:
	mean: 10808
	median: 10808
	max: 10808
Mean duration per node: 483ns
Writing statistics for 1 analyzed games took 20.768µs.
-------------------------------------------
sampling 1 sample deals took 7.785µs
multithreaded solving of 1 sample deals took 13.812288ms
Number of 1000 nodes:
	mean: 67
	median: 67
	max: 67
Time spend in ms:
	mean: 14
	median: 14
	max: 14
Mean duration per node: 205ns
Writing statistics for 1 analyzed games took 14.176µs.
-------------------------------------------
sampling 3432 sample deals took 6.54632ms
multithreaded solving of 3432 sample deals took 652.729997ms
Number of 1000 nodes:
	mean: 5
	median: 2
	max: 52
Time spend in ms:
	mean: 2
	median: 1
	max: 34
Mean duration per node: 458ns
Writing statistics for 3432 analyzed games took 2.707472ms.
-------------------------------------------
sampling 1716 sample deals took 7.403735ms
multithreaded solving of 1716 sample deals took 837.430521ms
Number of 1000 nodes:
	mean: 14
	median: 11
	max: 67
Time spend in ms:
	mean: 6
	median: 5
	max: 30
Mean duration per node: 410ns
Writing statistics for 1716 analyzed games took 10.451449ms.
-------------------------------------------
sampling 56 sample deals took 99.295µs
multithreaded solving of 56 sample deals took 9.232851ms
Number of 1000 nodes:
	mean: 3
	median: 2
	max: 7
Time spend in ms:
	mean: 1
	median: 0
	max: 1
Mean duration per node: 184ns
Writing statistics for 56 analyzed games took 124.141µs.
-------------------------------------------
sampling 56 sample deals took 110.967µs
multithreaded solving of 56 sample deals took 7.778844ms
Number of 1000 nodes:
	mean: 2
	median: 2
	max: 4
Time spend in ms:
	mean: 0
	median: 0
	max: 1
Mean duration per node: 166ns
Writing statistics for 56 analyzed games took 101.139µs.
