-------------------------------------------
sampling 12 sample deals took 61.805µs
multithreaded solving of 12 sample deals took 400.013079ms
Number of 1000 nodes:
	mean: 345
	median: 317
	max: 829
Time spend in ms:
	mean: 147
	median: 120
	max: 393
Mean duration per node: 426ns
Writing statistics for 12 analyzed games took 35.657µs.
-------------------------------------------
sampling 12 sample deals took 47.218µs
multithreaded solving of 12 sample deals took 433.888833ms
Number of 1000 nodes:
	mean: 358
	median: 378
	max: 756
Time spend in ms:
	mean: 153
	median: 152
	max: 431
Mean duration per node: 427ns
Writing statistics for 12 analyzed games took 53.129µs.
-------------------------------------------
sampling 3432 sample deals took 9.04393ms
multithreaded solving of 3432 sample deals took 2.141692088s
Number of 1000 nodes:
	mean: 24
	median: 21
	max: 103
Time spend in ms:
	mean: 7
	median: 7
	max: 51
Mean duration per node: 313ns
Writing statistics for 3432 analyzed games took 8.094592ms.
-------------------------------------------
sampling 3432 sample deals took 10.44065ms
multithreaded solving of 3432 sample deals took 2.589011502s
Number of 1000 nodes:
	mean: 32
	median: 30
	max: 147
Time spend in ms:
	mean: 9
	median: 8
	max: 53
Mean duration per node: 275ns
Writing statistics for 3432 analyzed games took 15.815328ms.
-------------------------------------------
sampling 924 sample deals took 1.754176ms
multithreaded solving of 924 sample deals took 177.699465ms
Number of 1000 nodes:
	mean: 6
	median: 5
	max: 38
Time spend in ms:
	mean: 2
	median: 1
	max: 22
Mean duration per node: 319ns
Writing statistics for 924 analyzed games took 1.716586ms.
-------------------------------------------
sampling 70 sample deals took 137.506µs
multithreaded solving of 70 sample deals took 10.037809ms
Number of 1000 nodes:
	mean: 0
	median: 0
	max: 1
Time spend in ms:
	mean: 0
	median: 0
	max: 0
Mean duration per node: 111ns
Writing statistics for 70 analyzed games took 71.683µs.
-------------------------------------------
sampling 70 sample deals took 140.061µs
multithreaded solving of 70 sample deals took 1.684286ms
Number of 1000 nodes:
	mean: 1
	median: 1
	max: 1
Time spend in ms:
	mean: 0
	median: 0
	max: 1
Mean duration per node: 92ns
Writing statistics for 70 analyzed games took 103.834µs.
-------------------------------------------
sampling 6 sample deals took 13.485µs
multithreaded solving of 6 sample deals took 153.125µs
Number of 1000 nodes:
	mean: 0
	median: 0
	max: 0
Time spend in ms:
	mean: 0
	median: 0
	max: 0
Mean duration per node: 90ns
Writing statistics for 6 analyzed games took 12.063µs.
-------------------------------------------
sampling 3 sample deals took 6.152µs
multithreaded solving of 3 sample deals took 36.328µs
Number of 1000 nodes:
	mean: 0
	median: 0
	max: 0
Time spend in ms:
	mean: 0
	median: 0
	max: 0
Mean duration per node: 51ns
Writing statistics for 3 analyzed games took 5.871µs.
-------------------------------------------
sampling 1 sample deals took 2.084µs
multithreaded solving of 1 sample deals took 6.833µs
Number of 1000 nodes:
	mean: 0
	median: 0
	max: 0
Time spend in ms:
	mean: 0
	median: 0
	max: 0
Mean duration per node: 43ns
Writing statistics for 1 analyzed games took 2.544µs.
